<?xml version="1.0" encoding="UTF-8"?>
<testng-results ignored="0" total="2" passed="2" failed="0" skipped="0">
  <reporter-output>
  </reporter-output>
  <suite started-at="2022-11-27T16:18:55 IST" name="com.demo.TestClass" finished-at="2022-11-27T16:19:12 IST" duration-ms="16897">
    <groups>
    </groups>
    <test started-at="2022-11-27T16:18:55 IST" name="Command line test" finished-at="2022-11-27T16:19:12 IST" duration-ms="16897">
      <class name="com.demo.TestClass">
        <test-method signature="Test1()[pri:0, instance:com.demo.TestClass@4ba2ca36]" started-at="2022-11-27T16:18:55 IST" name="Test1" finished-at="2022-11-27T16:19:00 IST" duration-ms="5297" status="PASS">
          <reporter-output>
          </reporter-output>
        </test-method> <!-- Test1 -->
        <test-method signature="Test2()[pri:0, instance:com.demo.TestClass@4ba2ca36]" started-at="2022-11-27T16:19:00 IST" name="Test2" finished-at="2022-11-27T16:19:12 IST" duration-ms="11530" status="PASS">
          <reporter-output>
          </reporter-output>
        </test-method> <!-- Test2 -->
      </class> <!-- com.demo.TestClass -->
    </test> <!-- Command line test -->
  </suite> <!-- com.demo.TestClass -->
</testng-results>
